<?xml version="1.0" encoding="UTF-8"?>
<!-- Generated by org.testng.reporters.JUnitReportReporter -->
<testsuite hostname="MacBook-Air-de-Oscar.local" failures="0" tests="2" name="APITest" time="3.099" errors="0" timestamp="2021-10-24T23:13:16 PET" skipped="0">
  <testcase classname="APITest" name="test1" time="2.785"/>
  <system-out/>
  <testcase classname="APITest" name="test2" time="0.314"/>
  <system-out/>
</testsuite> <!-- APITest -->
